<?xml version="1.0" encoding="UTF-8"?>
<!-- Generated by org.testng.reporters.JUnitReportReporter -->
<testsuite hostname="DESKTOP-S5UNGIC" failures="0" tests="2" name="org.zbib.testcases.UI.BiblographyTest" time="148.014" errors="0" timestamp="2022-03-16T21:03:15 IST" skipped="0">
  <testcase classname="org.zbib.testcases.UI.BiblographyTest" name="verifyBiblograhy" time="67.427"/>
  <system-out/>
  <testcase classname="org.zbib.testcases.UI.BiblographyTest" name="verifyCopyLink" time="80.587"/>
  <system-out/>
</testsuite> <!-- org.zbib.testcases.UI.BiblographyTest -->
