<?xml version="1.0" encoding="UTF-8"?>
<!-- Generated by org.testng.reporters.JUnitReportReporter -->
<testsuite hostname="DESKTOP-S5UNGIC" failures="0" tests="2" name="org.zbib.testcases.API.validateBibliography" time="6.708" errors="0" timestamp="2022-03-16T23:21:37 IST" skipped="0">
  <testcase classname="org.zbib.testcases.API.validateBibliography" name="createNewBiblography" time="4.144"/>
  <system-out/>
  <testcase classname="org.zbib.testcases.API.validateBibliography" name="viewBiblograhy" time="2.564"/>
  <system-out/>
</testsuite> <!-- org.zbib.testcases.API.validateBibliography -->
