<?xml version="1.0" encoding="UTF-8"?>
<!-- Generated by org.testng.reporters.JUnitReportReporter -->
<testsuite hostname="DESKTOP-S5UNGIC" failures="0" tests="1" name="org.zbib.testcases.UI.FirstTest" time="25.909" errors="0" timestamp="2022-03-16T15:10:59 IST" skipped="0">
  <testcase classname="org.zbib.testcases.UI.FirstTest" name="verifySingleManualEntry" time="25.909"/>
  <system-out/>
</testsuite> <!-- org.zbib.testcases.UI.FirstTest -->
