<?xml version="1.0" encoding="UTF-8"?>
<!-- Generated by org.testng.reporters.JUnitReportReporter -->
<testsuite hostname="DESKTOP-S5UNGIC" failures="0" tests="1" name="org.zbib.testcases.API.validateCitationSearch" time="6.928" errors="0" timestamp="2022-03-16T22:21:59 IST" skipped="0">
  <testcase classname="org.zbib.testcases.API.validateCitationSearch" name="performSearch" time="6.928"/>
  <system-out/>
</testsuite> <!-- org.zbib.testcases.API.validateCitationSearch -->
