<?xml version="1.0" encoding="UTF-8"?>
<!-- Generated by org.testng.reporters.JUnitReportReporter -->
<testsuite hostname="DESKTOP-S5UNGIC" failures="0" tests="4" name="org.zbib.testcases.UI.SearchCitationTest" time="94.221" errors="0" timestamp="2022-03-16T21:03:15 IST" skipped="0">
  <testcase classname="org.zbib.testcases.UI.SearchCitationTest" name="verifySingleSearchCitation" time="24.875"/>
  <system-out/>
  <testcase classname="org.zbib.testcases.UI.SearchCitationTest" name="verifyMulipleSearchCitation" time="21.868"/>
  <system-out/>
  <testcase classname="org.zbib.testcases.UI.SearchCitationTest" name="verifyMulipleSearchCitation" time="24.316"/>
  <system-out/>
  <testcase classname="org.zbib.testcases.UI.SearchCitationTest" name="verifyMulipleSearchCitation" time="23.162"/>
  <system-out/>
</testsuite> <!-- org.zbib.testcases.UI.SearchCitationTest -->
