<?xml version="1.0" encoding="UTF-8"?>
<!-- Generated by org.testng.reporters.JUnitReportReporter -->
<testsuite hostname="DESKTOP-S5UNGIC" failures="0" tests="4" name="org.zbib.testcases.UI.ManualCitationTest" time="110.121" errors="0" timestamp="2022-03-16T21:03:15 IST" skipped="0">
  <testcase classname="org.zbib.testcases.UI.ManualCitationTest" name="verifySingleManualCitation" time="28.182"/>
  <system-out/>
  <testcase classname="org.zbib.testcases.UI.ManualCitationTest" name="validateMultipleManualCitation" time="26.784"/>
  <system-out/>
  <testcase classname="org.zbib.testcases.UI.ManualCitationTest" name="validateMultipleManualCitation" time="27.306"/>
  <system-out/>
  <testcase classname="org.zbib.testcases.UI.ManualCitationTest" name="validateMultipleManualCitation" time="27.849"/>
  <system-out/>
</testsuite> <!-- org.zbib.testcases.UI.ManualCitationTest -->
