<?xml version="1.0" encoding="UTF-8"?>
<!-- Generated by org.testng.reporters.JUnitReportReporter -->
<testsuite hostname="DESKTOP-S5UNGIC" failures="0" tests="2" name="org.zbib.testcases.UI.BiblographyTest" time="156.680" errors="0" timestamp="2022-03-16T23:38:25 IST" skipped="0">
  <testcase classname="org.zbib.testcases.UI.BiblographyTest" name="verifyBiblograhy" time="76.212"/>
  <system-out/>
  <testcase classname="org.zbib.testcases.UI.BiblographyTest" name="verifyCopyLink" time="80.468"/>
  <system-out/>
</testsuite> <!-- org.zbib.testcases.UI.BiblographyTest -->
