<?xml version="1.0" encoding="UTF-8"?>
<!-- Generated by org.testng.reporters.JUnitReportReporter -->
<testsuite hostname="DESKTOP-S5UNGIC" failures="0" tests="4" name="org.zbib.testcases.UI.ManualCitationTest" time="114.213" errors="0" timestamp="2022-03-16T23:38:25 IST" skipped="0">
  <testcase classname="org.zbib.testcases.UI.ManualCitationTest" name="verifySingleManualCitation" time="26.198"/>
  <system-out/>
  <testcase classname="org.zbib.testcases.UI.ManualCitationTest" name="validateMultipleManualCitation" time="28.681"/>
  <system-out/>
  <testcase classname="org.zbib.testcases.UI.ManualCitationTest" name="validateMultipleManualCitation" time="29.936"/>
  <system-out/>
  <testcase classname="org.zbib.testcases.UI.ManualCitationTest" name="validateMultipleManualCitation" time="29.398"/>
  <system-out/>
</testsuite> <!-- org.zbib.testcases.UI.ManualCitationTest -->
