<?xml version="1.0" encoding="UTF-8"?>
<!-- Generated by org.testng.reporters.JUnitReportReporter -->
<testsuite hostname="DESKTOP-S5UNGIC" failures="0" tests="4" name="org.zbib.testcases.UI.SearchCitationTest" time="97.546" errors="0" timestamp="2022-03-16T23:38:25 IST" skipped="0">
  <testcase classname="org.zbib.testcases.UI.SearchCitationTest" name="verifySingleSearchCitation" time="23.499"/>
  <system-out/>
  <testcase classname="org.zbib.testcases.UI.SearchCitationTest" name="verifyMulipleSearchCitation" time="24.655"/>
  <system-out/>
  <testcase classname="org.zbib.testcases.UI.SearchCitationTest" name="verifyMulipleSearchCitation" time="24.282"/>
  <system-out/>
  <testcase classname="org.zbib.testcases.UI.SearchCitationTest" name="verifyMulipleSearchCitation" time="25.110"/>
  <system-out/>
</testsuite> <!-- org.zbib.testcases.UI.SearchCitationTest -->
